# JRE version: OpenJDK Runtime Environment Temurin-21.0.7+6 (21.0.7+6) (build 21.0.7+6-LTS)
# Java VM: OpenJDK 64-Bit Server VM Temurin-21.0.7+6 (21.0.7+6-LTS, mixed mode, sharing, tiered, compressed oops, compressed class ptrs, g1 gc, windows-amd64)
GC Precious Log:
 CardTable entry size: 512
 Card Set container configuration: InlinePtr #cards 5 size 8 Array Of Cards #cards 12 size 40 Howl #buckets 4 coarsen threshold 1843 Howl Bitmap #cards 512 size 80 coarsen threshold 460 Card regions per heap region 1 cards per card region 2048
 CPUs: 4 total, 4 available
 Memory: 3521M
 Large Page Support: Disabled
 NUMA Support: Disabled
 Compressed Oops: Enabled (32-bit)
 Heap Region Size: 1M
 Heap Min Capacity: 8M
 Heap Initial Capacity: 56M
 Heap Max Capacity: 882M
 Pre-touch: Disabled
 Parallel Workers: 4
 Concurrent Workers: 1
 Concurrent Refinement Workers: 4
 Periodic GC: Disabled
Heap:
 garbage-first heap   total 57344K, used 29135K [0x00000000c8e00000, 0x0000000100000000)
  region size 1024K, 25 young (25600K), 4 survivors (4096K)
 Metaspace       used 17478K, committed 17792K, reserved 1114112K
  class space    used 2530K, committed 2688K, reserved 1048576K
GC Heap History (6 events):
Event: 2.127 GC heap before
{Heap before GC invocations=0 (full 0):
 garbage-first heap   total 57344K, used 13312K [0x00000000c8e00000, 0x0000000100000000)
  region size 1024K, 13 young (13312K), 0 survivors (0K)
 Metaspace       used 1851K, committed 1984K, reserved 1114112K
  class space    used 188K, committed 256K, reserved 1048576K
}
Event: 2.136 GC heap after
{Heap after GC invocations=1 (full 0):
 garbage-first heap   total 57344K, used 1960K [0x00000000c8e00000, 0x0000000100000000)
  region size 1024K, 2 young (2048K), 2 survivors (2048K)
 Metaspace       used 1851K, committed 1984K, reserved 1114112K
  class space    used 188K, committed 256K, reserved 1048576K
}
Event: 7.212 GC heap before
{Heap before GC invocations=1 (full 0):
 garbage-first heap   total 57344K, used 22440K [0x00000000c8e00000, 0x0000000100000000)
  region size 1024K, 23 young (23552K), 2 survivors (2048K)
 Metaspace       used 8027K, committed 8256K, reserved 1114112K
  class space    used 966K, committed 1024K, reserved 1048576K
}
Event: 7.222 GC heap after
{Heap after GC invocations=2 (full 0):
 garbage-first heap   total 57344K, used 4630K [0x00000000c8e00000, 0x0000000100000000)
  region size 1024K, 3 young (3072K), 3 survivors (3072K)
 Metaspace       used 8027K, committed 8256K, reserved 1114112K
  class space    used 966K, committed 1024K, reserved 1048576K
}
Event: 10.841 GC heap before
{Heap before GC invocations=2 (full 0):
 garbage-first heap   total 57344K, used 35350K [0x00000000c8e00000, 0x0000000100000000)
  region size 1024K, 33 young (33792K), 3 survivors (3072K)
 Metaspace       used 14263K, committed 14656K, reserved 1114112K
  class space    used 1997K, committed 2176K, reserved 1048576K
}
Event: 10.853 GC heap after
{Heap after GC invocations=3 (full 0):
 garbage-first heap   total 57344K, used 8655K [0x00000000c8e00000, 0x0000000100000000)
  region size 1024K, 4 young (4096K), 4 survivors (4096K)
 Metaspace       used 14263K, committed 14656K, reserved 1114112K
  class space    used 1997K, committed 2176K, reserved 1048576K
}

